<?xml version="1.0" encoding="UTF-8"?>
<testng-results ignored="0" total="1" passed="1" failed="0" skipped="0">
  <reporter-output>
  </reporter-output>
  <suite started-at="2024-03-06T13:52:49 EET" name="Default suite" finished-at="2024-03-06T13:52:54 EET" duration-ms="5319">
    <groups>
    </groups>
    <test started-at="2024-03-06T13:52:49 EET" name="Default test" finished-at="2024-03-06T13:52:54 EET" duration-ms="5319">
      <class name="ForLoop.ForLoop">
        <test-method is-config="true" signature="MyBeforeTest()[pri:0, instance:ForLoop.ForLoop@2002348]" started-at="2024-03-06T13:52:49 EET" name="MyBeforeTest" finished-at="2024-03-06T13:52:49 EET" duration-ms="208" status="PASS">
          <reporter-output>
          </reporter-output>
        </test-method> <!-- MyBeforeTest -->
        <test-method signature="MyTest()[pri:0, instance:ForLoop.ForLoop@2002348]" started-at="2024-03-06T13:52:49 EET" name="MyTest" finished-at="2024-03-06T13:52:54 EET" duration-ms="5037" status="PASS">
          <reporter-output>
          </reporter-output>
        </test-method> <!-- MyTest -->
      </class> <!-- ForLoop.ForLoop -->
    </test> <!-- Default test -->
  </suite> <!-- Default suite -->
</testng-results>
